<?xml version="1.0" encoding="UTF-8"?>
<testng-results ignored="0" total="2" passed="2" failed="0" skipped="0">
  <reporter-output>
  </reporter-output>
  <suite started-at="2025-08-25T17:43:19 IST" name="test" finished-at="2025-08-25T17:43:23 IST" duration-ms="3544">
    <groups>
    </groups>
    <test started-at="2025-08-25T17:43:19 IST" name="test" finished-at="2025-08-25T17:43:23 IST" duration-ms="3544">
      <class name="Jenkins_package.Freshtest">
        <test-method signature="f()[pri:0, instance:Jenkins_package.Freshtest@54d9d12d]" started-at="2025-08-25T17:43:19 IST" name="f" finished-at="2025-08-25T17:43:23 IST" duration-ms="3484" status="PASS">
          <reporter-output>
          </reporter-output>
        </test-method> <!-- f -->
      </class> <!-- Jenkins_package.Freshtest -->
      <class name="Jenkins_package.Firsttest">
        <test-method signature="f()[pri:0, instance:Jenkins_package.Firsttest@2d1ef81a]" started-at="2025-08-25T17:43:19 IST" name="f" finished-at="2025-08-25T17:43:22 IST" duration-ms="3151" status="PASS">
          <reporter-output>
          </reporter-output>
        </test-method> <!-- f -->
      </class> <!-- Jenkins_package.Firsttest -->
    </test> <!-- test -->
  </suite> <!-- test -->
</testng-results>
